Starting simulator: devices=3 interval=5.0s drop_rate=0.2 demo_pii=False
[sim] wrote (sanitized): {"ts": "2025-08-14T19:21:05Z", "device_id": "dev-1", "status": "OK", "battery": 72, "metric": 129.33}
[sim] wrote (sanitized): {"ts": "2025-08-14T19:21:07Z", "device_id": "dev-2", "status": "OK", "battery": 65, "metric": 13.59}
[sim] wrote (sanitized): {"ts": "2025-08-14T19:21:09Z", "device_id": "dev-3", "status": "OK", "battery": 95, "metric": 187.51}
[sim] wrote (sanitized): {"ts": "2025-08-14T19:21:10Z", "device_id": "dev-1", "status": "OK", "battery": 64, "metric": 109.22}
[sim] wrote (sanitized): {"ts": "2025-08-14T19:21:12Z", "device_id": "dev-2", "status": "OK", "battery": 34, "metric": 38.9}
[sim] wrote (sanitized): {"ts": "2025-08-14T19:21:14Z", "device_id": "dev-3", "status": "OK", "battery": 42, "metric": 60.75}
[sim] wrote (sanitized): {"ts": "2025-08-14T19:21:16Z", "device_id": "dev-1", "status": "OK", "battery": 93, "metric": 97.4}
[sim] wrote (sanitized): {"ts": "2025-08-14T19:21:17Z", "device_id": "dev-2", "status": "OK", "battery": 83, "metric": 81.73}
[sim] wrote (sanitized): {"ts": "2025-08-14T19:21:19Z", "device_id": "dev-3", "status": "OK", "battery": 68, "metric": 55.89}
[sim] wrote (sanitized): {"ts": "2025-08-14T19:21:21Z", "device_id": "dev-1", "status": "ERROR", "reason": "low-battery"}
[sim] wrote (sanitized): {"ts": "2025-08-14T19:21:22Z", "device_id": "dev-2", "status": "ERROR", "reason": "sensor-fault"}
[sim] wrote (sanitized): {"ts": "2025-08-14T19:21:24Z", "device_id": "dev-3", "status": "OK", "battery": 74, "metric": 146.06}
[sim] wrote (sanitized): {"ts": "2025-08-14T19:21:26Z", "device_id": "dev-1", "status": "OK", "battery": 33, "metric": 128.51}
[sim] wrote (sanitized): {"ts": "2025-08-14T19:21:28Z", "device_id": "dev-2", "status": "OK", "battery": 33, "metric": 52.36}
[sim] wrote (sanitized): {"ts": "2025-08-14T19:21:29Z", "device_id": "dev-3", "status": "OK", "battery": 44, "metric": 56.15}
[sim] wrote (sanitized): {"ts": "2025-08-14T19:21:31Z", "device_id": "dev-1", "status": "OK", "battery": 97, "metric": 80.12}
[sim] wrote (sanitized): {"ts": "2025-08-14T19:21:33Z", "device_id": "dev-2", "status": "OK", "battery": 59, "metric": 37.66}
[sim] wrote (sanitized): {"ts": "2025-08-14T19:21:35Z", "device_id": "dev-3", "status": "OK", "battery": 95, "metric": 8.66}
[sim] wrote (sanitized): {"ts": "2025-08-14T19:21:36Z", "device_id": "dev-1", "status": "ERROR", "reason": "comm-failure"}
[sim] wrote (sanitized): {"ts": "2025-08-14T19:21:40Z", "device_id": "dev-3", "status": "ERROR", "reason": "low-battery"}
[sim] wrote (sanitized): {"ts": "2025-08-14T19:21:42Z", "device_id": "dev-1", "status": "OK", "battery": 79, "metric": 177.04}
[sim] wrote (sanitized): {"ts": "2025-08-14T19:21:43Z", "device_id": "dev-2", "status": "OK", "battery": 81, "metric": 143.98}
[sim] wrote (sanitized): {"ts": "2025-08-14T19:21:45Z", "device_id": "dev-3", "status": "OK", "battery": 65, "metric": 187.6}
[sim] wrote (sanitized): {"ts": "2025-08-14T19:21:47Z", "device_id": "dev-1", "status": "OK", "battery": 65, "metric": 32.88}
[sim] wrote (sanitized): {"ts": "2025-08-14T19:21:48Z", "device_id": "dev-2", "status": "OK", "battery": 66, "metric": 82.01}
[sim] wrote (sanitized): {"ts": "2025-08-14T19:21:50Z", "device_id": "dev-3", "status": "OK", "battery": 92, "metric": 96.56}
[sim] wrote (sanitized): {"ts": "2025-08-14T19:21:52Z", "device_id": "dev-1", "status": "OK", "battery": 60, "metric": 130.3}
[sim] wrote (sanitized): {"ts": "2025-08-14T19:21:54Z", "device_id": "dev-2", "status": "OK", "battery": 95, "metric": 66.13}
[sim] wrote (sanitized): {"ts": "2025-08-14T19:21:55Z", "device_id": "dev-3", "status": "OK", "battery": 95, "metric": 189.92}
[sim] wrote (sanitized): {"ts": "2025-08-14T19:21:57Z", "device_id": "dev-1", "status": "ERROR", "reason": "comm-failure"}
[sim] wrote (sanitized): {"ts": "2025-08-14T19:21:59Z", "device_id": "dev-2", "status": "OK", "battery": 71, "metric": 14.27}
[sim] wrote (sanitized): {"ts": "2025-08-14T19:22:01Z", "device_id": "dev-3", "status": "ERROR", "reason": "sensor-fault"}
[sim] wrote (sanitized): {"ts": "2025-08-14T19:22:02Z", "device_id": "dev-1", "status": "OK", "battery": 78, "metric": 194.01}
[sim] wrote (sanitized): {"ts": "2025-08-14T19:22:04Z", "device_id": "dev-2", "status": "OK", "battery": 36, "metric": 163.71}

Simulator stopped by user.
